<?xml version="1.0" encoding="UTF-8"?>
<!-- Generated by org.testng.reporters.JUnitReportReporter -->
<testsuite hostname="DESKTOP-4NO36J1" failures="0" tests="3" name="com.ecommerce.flipkartecommerce.testFlipkart" time="12.980" errors="0" timestamp="2022-10-18T21:37:08 IST" skipped="0">
  <testcase classname="com.ecommerce.flipkartecommerce.testFlipkart" name="loadtime" time="0.155"/>
  <system-out/>
  <testcase classname="com.ecommerce.flipkartecommerce.testFlipkart" name="search" time="6.600"/>
  <system-out/>
  <testcase classname="com.ecommerce.flipkartecommerce.testFlipkart" name="scroll" time="6.225"/>
  <system-out/>
</testsuite> <!-- com.ecommerce.flipkartecommerce.testFlipkart -->
